# JRE version: OpenJDK Runtime Environment (8.0_152-b01) (build 1.8.0_152-release-1024-b01)
# Java VM: OpenJDK 64-Bit Server VM (25.152-b01 mixed mode linux-amd64 compressed oops)
Heap:
 PSYoungGen      total 487424K, used 455899K [0x00000000e0000000, 0x0000000100000000, 0x0000000100000000)
  eden space 453632K, 93% used [0x00000000e0000000,0x00000000f9c3e028,0x00000000fbb00000)
  from space 33792K, 99% used [0x00000000fbb00000,0x00000000fdbf8e00,0x00000000fdc00000)
  to   space 36864K, 0% used [0x00000000fdc00000,0x00000000fdc00000,0x0000000100000000)
 ParOldGen       total 289792K, used 97046K [0x00000000a0000000, 0x00000000b1b00000, 0x00000000e0000000)
  object space 289792K, 33% used [0x00000000a0000000,0x00000000a5ec5b98,0x00000000b1b00000)
 Metaspace       used 143041K, capacity 148368K, committed 148736K, reserved 1179648K
  class space    used 17502K, capacity 18635K, committed 18688K, reserved 1048576K
GC Heap History (10 events):
Event: 194,334 GC heap before
{Heap before GC invocations=29 (full 4):
 PSYoungGen      total 363520K, used 338125K [0x00000000e0000000, 0x00000000f8680000, 0x0000000100000000)
  eden space 335360K, 99% used [0x00000000e0000000,0x00000000f471f690,0x00000000f4780000)
  from space 28160K, 11% used [0x00000000f6b00000,0x00000000f6e13fb8,0x00000000f8680000)
  to   space 32256K, 0% used [0x00000000f4780000,0x00000000f4780000,0x00000000f6700000)
 ParOldGen       total 289792K, used 78165K [0x00000000a0000000, 0x00000000b1b00000, 0x00000000e0000000)
  object space 289792K, 26% used [0x00000000a0000000,0x00000000a4c557f8,0x00000000b1b00000)
 Metaspace       used 106413K, capacity 110622K, committed 110848K, reserved 1146880K
  class space    used 13361K, capacity 14286K, committed 14336K, reserved 1048576K
Event: 194,360 GC heap after
Heap after GC invocations=29 (full 4):
 PSYoungGen      total 367616K, used 7115K [0x00000000e0000000, 0x00000000fc480000, 0x0000000100000000)
  eden space 335360K, 0% used [0x00000000e0000000,0x00000000e0000000,0x00000000f4780000)
  from space 32256K, 22% used [0x00000000f4780000,0x00000000f4e72f58,0x00000000f6700000)
  to   space 31232K, 0% used [0x00000000fa600000,0x00000000fa600000,0x00000000fc480000)
 ParOldGen       total 289792K, used 79446K [0x00000000a0000000, 0x00000000b1b00000, 0x00000000e0000000)
  object space 289792K, 27% used [0x00000000a0000000,0x00000000a4d95868,0x00000000b1b00000)
 Metaspace       used 106413K, capacity 110622K, committed 110848K, reserved 1146880K
  class space    used 13361K, capacity 14286K, committed 14336K, reserved 1048576K
}
Event: 1975,879 GC heap before
{Heap before GC invocations=30 (full 4):
 PSYoungGen      total 367616K, used 342475K [0x00000000e0000000, 0x00000000fc480000, 0x0000000100000000)
  eden space 335360K, 100% used [0x00000000e0000000,0x00000000f4780000,0x00000000f4780000)
  from space 32256K, 22% used [0x00000000f4780000,0x00000000f4e72f58,0x00000000f6700000)
  to   space 31232K, 0% used [0x00000000fa600000,0x00000000fa600000,0x00000000fc480000)
 ParOldGen       total 289792K, used 79446K [0x00000000a0000000, 0x00000000b1b00000, 0x00000000e0000000)
  object space 289792K, 27% used [0x00000000a0000000,0x00000000a4d95868,0x00000000b1b00000)
 Metaspace       used 107280K, capacity 111672K, committed 111744K, reserved 1146880K
  class space    used 13439K, capacity 14395K, committed 14464K, reserved 1048576K
Event: 1975,895 GC heap after
Heap after GC invocations=30 (full 4):
 PSYoungGen      total 414720K, used 10478K [0x00000000e0000000, 0x00000000fba00000, 0x0000000100000000)
  eden space 394240K, 0% used [0x00000000e0000000,0x00000000e0000000,0x00000000f8100000)
  from space 20480K, 51% used [0x00000000fa600000,0x00000000fb03b940,0x00000000fba00000)
  to   space 29184K, 0% used [0x00000000f8100000,0x00000000f8100000,0x00000000f9d80000)
 ParOldGen       total 289792K, used 79574K [0x00000000a0000000, 0x00000000b1b00000, 0x00000000e0000000)
  object space 289792K, 27% used [0x00000000a0000000,0x00000000a4db5868,0x00000000b1b00000)
 Metaspace       used 107280K, capacity 111672K, committed 111744K, reserved 1146880K
  class space    used 13439K, capacity 14395K, committed 14464K, reserved 1048576K
}
Event: 1978,563 GC heap before
{Heap before GC invocations=31 (full 4):
 PSYoungGen      total 414720K, used 403764K [0x00000000e0000000, 0x00000000fba00000, 0x0000000100000000)
  eden space 394240K, 99% used [0x00000000e0000000,0x00000000f80119d8,0x00000000f8100000)
  from space 20480K, 51% used [0x00000000fa600000,0x00000000fb03b940,0x00000000fba00000)
  to   space 29184K, 0% used [0x00000000f8100000,0x00000000f8100000,0x00000000f9d80000)
 ParOldGen       total 289792K, used 79574K [0x00000000a0000000, 0x00000000b1b00000, 0x00000000e0000000)
  object space 289792K, 27% used [0x00000000a0000000,0x00000000a4db5868,0x00000000b1b00000)
 Metaspace       used 123883K, capacity 128818K, committed 129024K, reserved 1161216K
  class space    used 15307K, capacity 16360K, committed 16384K, reserved 1048576K
Event: 1978,586 GC heap after
Heap after GC invocations=31 (full 4):
 PSYoungGen      total 423424K, used 29174K [0x00000000e0000000, 0x0000000100000000, 0x0000000100000000)
  eden space 394240K, 0% used [0x00000000e0000000,0x00000000e0000000,0x00000000f8100000)
  from space 29184K, 99% used [0x00000000f8100000,0x00000000f9d7daa8,0x00000000f9d80000)
  to   space 35328K, 0% used [0x00000000fdd80000,0x00000000fdd80000,0x0000000100000000)
 ParOldGen       total 289792K, used 83187K [0x00000000a0000000, 0x00000000b1b00000, 0x00000000e0000000)
  object space 289792K, 28% used [0x00000000a0000000,0x00000000a513cef0,0x00000000b1b00000)
 Metaspace       used 123883K, capacity 128818K, committed 129024K, reserved 1161216K
  class space    used 15307K, capacity 16360K, committed 16384K, reserved 1048576K
}
Event: 2015,465 GC heap before
{Heap before GC invocations=32 (full 4):
 PSYoungGen      total 423424K, used 423414K [0x00000000e0000000, 0x0000000100000000, 0x0000000100000000)
  eden space 394240K, 100% used [0x00000000e0000000,0x00000000f8100000,0x00000000f8100000)
  from space 29184K, 99% used [0x00000000f8100000,0x00000000f9d7daa8,0x00000000f9d80000)
  to   space 35328K, 0% used [0x00000000fdd80000,0x00000000fdd80000,0x0000000100000000)
 ParOldGen       total 289792K, used 83187K [0x00000000a0000000, 0x00000000b1b00000, 0x00000000e0000000)
  object space 289792K, 28% used [0x00000000a0000000,0x00000000a513cef0,0x00000000b1b00000)
 Metaspace       used 123995K, capacity 128966K, committed 129024K, reserved 1161216K
  class space    used 15319K, capacity 16364K, committed 16384K, reserved 1048576K
Event: 2015,507 GC heap after
Heap after GC invocations=32 (full 4):
 PSYoungGen      total 485888K, used 10837K [0x00000000e0000000, 0x00000000ffd00000, 0x0000000100000000)
  eden space 453632K, 0% used [0x00000000e0000000,0x00000000e0000000,0x00000000fbb00000)
  from space 32256K, 33% used [0x00000000fdd80000,0x00000000fe8155d8,0x00000000ffd00000)
  to   space 33792K, 0% used [0x00000000fbb00000,0x00000000fbb00000,0x00000000fdc00000)
 ParOldGen       total 289792K, used 83919K [0x00000000a0000000, 0x00000000b1b00000, 0x00000000e0000000)
  object space 289792K, 28% used [0x00000000a0000000,0x00000000a51f3f50,0x00000000b1b00000)
 Metaspace       used 123995K, capacity 128966K, committed 129024K, reserved 1161216K
  class space    used 15319K, capacity 16364K, committed 16384K, reserved 1048576K
}
Event: 2020,526 GC heap before
{Heap before GC invocations=33 (full 4):
 PSYoungGen      total 485888K, used 464469K [0x00000000e0000000, 0x00000000ffd00000, 0x0000000100000000)
  eden space 453632K, 100% used [0x00000000e0000000,0x00000000fbb00000,0x00000000fbb00000)
  from space 32256K, 33% used [0x00000000fdd80000,0x00000000fe8155d8,0x00000000ffd00000)
  to   space 33792K, 0% used [0x00000000fbb00000,0x00000000fbb00000,0x00000000fdc00000)
 ParOldGen       total 289792K, used 83919K [0x00000000a0000000, 0x00000000b1b00000, 0x00000000e0000000)
  object space 289792K, 28% used [0x00000000a0000000,0x00000000a51f3f50,0x00000000b1b00000)
 Metaspace       used 141992K, capacity 147372K, committed 147584K, reserved 1177600K
  class space    used 17400K, capacity 18539K, committed 18560K, reserved 1048576K
Event: 2020,568 GC heap after
Heap after GC invocations=33 (full 4):
 PSYoungGen      total 487424K, used 33763K [0x00000000e0000000, 0x0000000100000000, 0x0000000100000000)
  eden space 453632K, 0% used [0x00000000e0000000,0x00000000e0000000,0x00000000fbb00000)
  from space 33792K, 99% used [0x00000000fbb00000,0x00000000fdbf8e00,0x00000000fdc00000)
  to   space 36864K, 0% used [0x00000000fdc00000,0x00000000fdc00000,0x0000000100000000)
 ParOldGen       total 289792K, used 97046K [0x00000000a0000000, 0x00000000b1b00000, 0x00000000e0000000)
  object space 289792K, 33% used [0x00000000a0000000,0x00000000a5ec5b98,0x00000000b1b00000)
 Metaspace       used 141992K, capacity 147372K, committed 147584K, reserved 1177600K
  class space    used 17400K, capacity 18539K, committed 18560K, reserved 1048576K
}

